<?xml version="1.0" encoding="UTF-8"?>
<!-- Generated by org.testng.reporters.JUnitReportReporter -->
<testsuite hostname="Priya" failures="0" tests="8" name="TestRunner" time="152.062" errors="0" timestamp="2024-03-11T20:02:37 IST" skipped="0">
  <testcase classname="TestRunner" name="runScenario" time="26.797"/>
  <testcase classname="TestRunner" name="runScenario" time="10.054"/>
  <testcase classname="TestRunner" name="runScenario" time="33.152"/>
  <testcase classname="TestRunner" name="runScenario" time="26.088"/>
  <testcase classname="TestRunner" name="runScenario" time="25.358"/>
  <testcase classname="TestRunner" name="runScenario" time="8.576"/>
  <testcase classname="TestRunner" name="runScenario" time="11.190"/>
  <testcase classname="TestRunner" name="runScenario" time="10.847"/>
</testsuite> <!-- TestRunner -->
